























info [Thu Mar 29 2018 14:28:15 GMT+0530 (IST)]  sendReport: sagar.pawar@aef.edu.in,principal.acbcs@aef.edu.in org name AEF org Id 1
info [Thu Mar 29 2018 14:28:17 GMT+0530 (IST)]  sendReport: sagar.pawar@aef.edu.in,principal.acbcs@aef.edu.in org name AEF org Id 1
info [Thu Mar 29 2018 14:28:17 GMT+0530 (IST)]  sendReport: sagar.pawar@aef.edu.in,principal.acbcs@aef.edu.in org name AEF org Id 1
info [Thu Mar 29 2018 14:28:18 GMT+0530 (IST)]  sendReport: erpcoordinator@drsacoe.com,hema.c@drsacon.com,kannanmech.13@gmail.com,erp@aei.edu.in org name AEI org Id 2
info [Thu Mar 29 2018 14:28:18 GMT+0530 (IST)]  sendReport: sagar.pawar@aef.edu.in,principal.acbcs@aef.edu.in org name AEF org Id 1
info [Thu Mar 29 2018 14:28:19 GMT+0530 (IST)]  sendReport: sagar.pawar@aef.edu.in,principal.acbcs@aef.edu.in org name AEF org Id 1
info [Thu Mar 29 2018 14:28:20 GMT+0530 (IST)]  sendReport: sagar.pawar@aef.edu.in,principal.acbcs@aef.edu.in org name AEF org Id 1
info [Thu Mar 29 2018 14:28:20 GMT+0530 (IST)]  sendReport: erpcoordinator@drsacoe.com,hema.c@drsacon.com,kannanmech.13@gmail.com,erp@aei.edu.in org name AEI org Id 2
info [Thu Mar 29 2018 14:28:20 GMT+0530 (IST)]  sendReport: erpcoordinator@drsacoe.com,hema.c@drsacon.com,kannanmech.13@gmail.com,erp@aei.edu.in org name AEI org Id 2
info [Thu Mar 29 2018 14:28:20 GMT+0530 (IST)]  sendReport: sagar.pawar@aef.edu.in,principal.acbcs@aef.edu.in org name AEF org Id 1
info [Thu Mar 29 2018 14:28:20 GMT+0530 (IST)]  sendReport: qm:ffb1f509-1f0d-413e-9d08-8b9acb52f8b9:5ab50b4d2235812a6233fc03 org name KU org Id 80
info [Thu Mar 29 2018 14:28:20 GMT+0530 (IST)]  sendReport: erpcoordinator@drsacoe.com,hema.c@drsacon.com,kannanmech.13@gmail.com,erp@aei.edu.in org name AEI org Id 2
info [Thu Mar 29 2018 14:28:22 GMT+0530 (IST)]  sendReport: erpcoordinator@drsacoe.com,hema.c@drsacon.com,kannanmech.13@gmail.com,erp@aei.edu.in org name AEI org Id 2
info [Thu Mar 29 2018 14:28:22 GMT+0530 (IST)]  sendReport: erpcoordinator@drsacoe.com,hema.c@drsacon.com,kannanmech.13@gmail.com,erp@aei.edu.in org name AEI org Id 2
info [Thu Mar 29 2018 14:28:22 GMT+0530 (IST)]  sendReport: sagar.pawar@aef.edu.in,principal.acbcs@aef.edu.in org name AEF org Id 1
info [Thu Mar 29 2018 14:28:22 GMT+0530 (IST)]  sendReport: qm:ffb1f509-1f0d-413e-9d08-8b9acb52f8b9:5ab50b4d2235812a6233fc03 org name KU org Id 80
info [Thu Mar 29 2018 14:28:23 GMT+0530 (IST)]  sendReport: erpcoordinator@drsacoe.com,hema.c@drsacon.com,kannanmech.13@gmail.com,erp@aei.edu.in org name AEI org Id 2
info [Thu Mar 29 2018 14:28:23 GMT+0530 (IST)]  sendReport: dnyanesh.khairnar@ausindia.org,principal.chandsi@ausindia.org org name AUS org Id 7
info [Thu Mar 29 2018 14:28:24 GMT+0530 (IST)]  sendReport: qm:ffb1f509-1f0d-413e-9d08-8b9acb52f8b9:5ab50b4d2235812a6233fc03 org name KU org Id 80
info [Thu Mar 29 2018 14:28:24 GMT+0530 (IST)]  sendReport: qm:ffb1f509-1f0d-413e-9d08-8b9acb52f8b9:5ab50b4d2235812a6233fc03 org name KU org Id 80
info [Thu Mar 29 2018 14:28:24 GMT+0530 (IST)]  sendReport: sagar.pawar@aef.edu.in,principal.acbcs@aef.edu.in org name AEF org Id 1
info [Thu Mar 29 2018 14:28:24 GMT+0530 (IST)]  sendReport: sagar.pawar@aef.edu.in,principal.acbcs@aef.edu.in org name AEF org Id 1
info [Thu Mar 29 2018 14:28:25 GMT+0530 (IST)]  sendReport: qm:ffb1f509-1f0d-413e-9d08-8b9acb52f8b9:5ab50b4d2235812a6233fc03 org name KU org Id 80
info [Thu Mar 29 2018 14:28:25 GMT+0530 (IST)]  sendReport: erpcoordinator@drsacoe.com,hema.c@drsacon.com,kannanmech.13@gmail.com,erp@aei.edu.in org name AEI org Id 2
info [Thu Mar 29 2018 14:28:25 GMT+0530 (IST)]  sendReport: sagar.pawar@aef.edu.in,principal.acbcs@aef.edu.in org name AEF org Id 1
info [Thu Mar 29 2018 14:28:26 GMT+0530 (IST)]  sendReport: dnyanesh.khairnar@ausindia.org,principal.chandsi@ausindia.org org name AUS org Id 7
info [Thu Mar 29 2018 14:28:26 GMT+0530 (IST)]  sendReport: erpcoordinator@drsacoe.com,hema.c@drsacon.com,kannanmech.13@gmail.com,erp@aei.edu.in org name AEI org Id 2
info [Thu Mar 29 2018 14:28:26 GMT+0530 (IST)]  sendReport: qm:ffb1f509-1f0d-413e-9d08-8b9acb52f8b9:5ab50b4d2235812a6233fc03 org name KU org Id 80
info [Thu Mar 29 2018 14:28:26 GMT+0530 (IST)]  sendReport: dnyanesh.khairnar@ausindia.org,principal.chandsi@ausindia.org org name AUS org Id 7
info [Thu Mar 29 2018 14:28:26 GMT+0530 (IST)]  sendReport: sagar.pawar@aef.edu.in,principal.acbcs@aef.edu.in org name AEF org Id 1
info [Thu Mar 29 2018 14:28:27 GMT+0530 (IST)]  sendReport: sagar.pawar@aef.edu.in,principal.acbcs@aef.edu.in org name AEF org Id 1
info [Thu Mar 29 2018 14:28:27 GMT+0530 (IST)]  sendReport: dnyanesh.khairnar@ausindia.org,principal.chandsi@ausindia.org org name AUS org Id 7
info [Thu Mar 29 2018 14:28:27 GMT+0530 (IST)]  sendReport: webdeveloper@africau.edu,dict@africau.edu org name AU org Id 5
info [Thu Mar 29 2018 14:28:27 GMT+0530 (IST)]  sendReport: sagar.pawar@aef.edu.in,principal.acbcs@aef.edu.in org name AEF org Id 1
info [Thu Mar 29 2018 14:28:27 GMT+0530 (IST)]  sendReport: qm:ffb1f509-1f0d-413e-9d08-8b9acb52f8b9:5ab50b4d2235812a6233fc03 org name KU org Id 80
info [Thu Mar 29 2018 14:28:27 GMT+0530 (IST)]  sendReport: erpcoordinator@drsacoe.com,hema.c@drsacon.com,kannanmech.13@gmail.com,erp@aei.edu.in org name AEI org Id 2
info [Thu Mar 29 2018 14:28:28 GMT+0530 (IST)]  sendReport: dnyanesh.khairnar@ausindia.org,principal.chandsi@ausindia.org org name AUS org Id 7
info [Thu Mar 29 2018 14:28:28 GMT+0530 (IST)]  sendReport: sagar.pawar@aef.edu.in,principal.acbcs@aef.edu.in org name AEF org Id 1
info [Thu Mar 29 2018 14:28:28 GMT+0530 (IST)]  sendReport: qm:ffb1f509-1f0d-413e-9d08-8b9acb52f8b9:5ab50b4d2235812a6233fc03 org name KU org Id 80
info [Thu Mar 29 2018 14:28:28 GMT+0530 (IST)]  sendReport: erpcoordinator@drsacoe.com,hema.c@drsacon.com,kannanmech.13@gmail.com,erp@aei.edu.in org name AEI org Id 2
info [Thu Mar 29 2018 14:28:28 GMT+0530 (IST)]  sendReport: dnyanesh.khairnar@ausindia.org,principal.chandsi@ausindia.org org name AUS org Id 7
info [Thu Mar 29 2018 14:28:28 GMT+0530 (IST)]  sendReport: webdeveloper@africau.edu,dict@africau.edu org name AU org Id 5
info [Thu Mar 29 2018 14:28:29 GMT+0530 (IST)]  sendReport: webdeveloper@africau.edu,dict@africau.edu org name AU org Id 5
info [Thu Mar 29 2018 14:28:29 GMT+0530 (IST)]  sendReport: dnyanesh.khairnar@ausindia.org,principal.chandsi@ausindia.org org name AUS org Id 7
info [Thu Mar 29 2018 14:28:29 GMT+0530 (IST)]  sendReport: qm:ffb1f509-1f0d-413e-9d08-8b9acb52f8b9:5ab50b4d2235812a6233fc03 org name KU org Id 80
info [Thu Mar 29 2018 14:28:30 GMT+0530 (IST)]  sendReport: sagar.pawar@aef.edu.in,principal.acbcs@aef.edu.in org name AEF org Id 1
info [Thu Mar 29 2018 14:28:30 GMT+0530 (IST)]  sendReport: edp@cordia.edu.in,dean.colleges@cordia.edu.in org name Cordia org Id 9
info [Thu Mar 29 2018 14:28:30 GMT+0530 (IST)]  sendReport: webdeveloper@africau.edu,dict@africau.edu org name AU org Id 5
info [Thu Mar 29 2018 14:28:30 GMT+0530 (IST)]  sendReport: erpcoordinator@drsacoe.com,hema.c@drsacon.com,kannanmech.13@gmail.com,erp@aei.edu.in org name AEI org Id 2
info [Thu Mar 29 2018 14:28:30 GMT+0530 (IST)]  sendReport: erpcoordinator@drsacoe.com,hema.c@drsacon.com,kannanmech.13@gmail.com,erp@aei.edu.in org name AEI org Id 2
info [Thu Mar 29 2018 14:28:31 GMT+0530 (IST)]  sendReport: sagar.pawar@aef.edu.in,principal.acbcs@aef.edu.in org name AEF org Id 1
info [Thu Mar 29 2018 14:28:31 GMT+0530 (IST)]  sendReport: erpcoordinator@drsacoe.com,hema.c@drsacon.com,kannanmech.13@gmail.com,erp@aei.edu.in org name AEI org Id 2
info [Thu Mar 29 2018 14:28:31 GMT+0530 (IST)]  sendReport: qm:ffb1f509-1f0d-413e-9d08-8b9acb52f8b9:5ab50b4d2235812a6233fc03 org name KU org Id 80
info [Thu Mar 29 2018 14:28:32 GMT+0530 (IST)]  sendReport: dnyanesh.khairnar@ausindia.org,principal.chandsi@ausindia.org org name AUS org Id 7
info [Thu Mar 29 2018 14:28:32 GMT+0530 (IST)]  sendReport: edp@cordia.edu.in,dean.colleges@cordia.edu.in org name Cordia org Id 9
info [Thu Mar 29 2018 14:28:32 GMT+0530 (IST)]  sendReport: edp@cordia.edu.in,dean.colleges@cordia.edu.in org name Cordia org Id 9
info [Thu Mar 29 2018 14:28:32 GMT+0530 (IST)]  sendReport: erpcoordinator@drsacoe.com,hema.c@drsacon.com,kannanmech.13@gmail.com,erp@aei.edu.in org name AEI org Id 2
info [Thu Mar 29 2018 14:28:32 GMT+0530 (IST)]  sendReport: qm:ffb1f509-1f0d-413e-9d08-8b9acb52f8b9:5ab50b4d2235812a6233fc03 org name KU org Id 80
info [Thu Mar 29 2018 14:28:32 GMT+0530 (IST)]  sendReport: webdeveloper@africau.edu,dict@africau.edu org name AU org Id 5
info [Thu Mar 29 2018 14:28:32 GMT+0530 (IST)]  sendReport: edp@cordia.edu.in,dean.colleges@cordia.edu.in org name Cordia org Id 9
info [Thu Mar 29 2018 14:28:32 GMT+0530 (IST)]  sendReport: sagar.pawar@aef.edu.in,principal.acbcs@aef.edu.in org name AEF org Id 1
info [Thu Mar 29 2018 14:28:32 GMT+0530 (IST)]  sendReport: qm:ffb1f509-1f0d-413e-9d08-8b9acb52f8b9:5ab50b4d2235812a6233fc03 org name KU org Id 80
info [Thu Mar 29 2018 14:28:33 GMT+0530 (IST)]  sendReport: webdeveloper@africau.edu,dict@africau.edu org name AU org Id 5
info [Thu Mar 29 2018 14:28:33 GMT+0530 (IST)]  sendReport: ceo@edifyschoolamravati.com,stores@edifyschoolamravati.com org name Edify Amravati org Id 12
info [Thu Mar 29 2018 14:28:33 GMT+0530 (IST)]  sendReport: sagar.pawar@aef.edu.in,principal.acbcs@aef.edu.in org name AEF org Id 1
info [Thu Mar 29 2018 14:28:33 GMT+0530 (IST)]  sendReport: dnyanesh.khairnar@ausindia.org,principal.chandsi@ausindia.org org name AUS org Id 7
info [Thu Mar 29 2018 14:28:33 GMT+0530 (IST)]  sendReport: erpcoordinator@drsacoe.com,hema.c@drsacon.com,kannanmech.13@gmail.com,erp@aei.edu.in org name AEI org Id 2
info [Thu Mar 29 2018 14:28:33 GMT+0530 (IST)]  sendReport: qm:ffb1f509-1f0d-413e-9d08-8b9acb52f8b9:5ab50b4d2235812a6233fc03 org name KU org Id 80
info [Thu Mar 29 2018 14:28:33 GMT+0530 (IST)]  sendReport: sagar.pawar@aef.edu.in,principal.acbcs@aef.edu.in org name AEF org Id 1
info [Thu Mar 29 2018 14:28:33 GMT+0530 (IST)]  sendReport: erpcoordinator@drsacoe.com,hema.c@drsacon.com,kannanmech.13@gmail.com,erp@aei.edu.in org name AEI org Id 2
info [Thu Mar 29 2018 14:28:33 GMT+0530 (IST)]  sendReport: edp@cordia.edu.in,dean.colleges@cordia.edu.in org name Cordia org Id 9
info [Thu Mar 29 2018 14:28:33 GMT+0530 (IST)]  sendReport: dnyanesh.khairnar@ausindia.org,principal.chandsi@ausindia.org org name AUS org Id 7
info [Thu Mar 29 2018 14:28:34 GMT+0530 (IST)]  sendReport: qm:ffb1f509-1f0d-413e-9d08-8b9acb52f8b9:5ab50b4d2235812a6233fc03 org name KU org Id 80
info [Thu Mar 29 2018 14:28:34 GMT+0530 (IST)]  sendReport: erpcoordinator@drsacoe.com,hema.c@drsacon.com,kannanmech.13@gmail.com,erp@aei.edu.in org name AEI org Id 2
info [Thu Mar 29 2018 14:28:34 GMT+0530 (IST)]  sendReport: qm:ffb1f509-1f0d-413e-9d08-8b9acb52f8b9:5ab50b4d2235812a6233fc03 org name KU org Id 80
info [Thu Mar 29 2018 14:28:34 GMT+0530 (IST)]  sendReport: webdeveloper@africau.edu,dict@africau.edu org name AU org Id 5
info [Thu Mar 29 2018 14:28:34 GMT+0530 (IST)]  sendReport: ceo@edifyschoolamravati.com,stores@edifyschoolamravati.com org name Edify Amravati org Id 12
info [Thu Mar 29 2018 14:28:34 GMT+0530 (IST)]  sendReport: ceo@edifyschoolamravati.com,stores@edifyschoolamravati.com org name Edify Amravati org Id 12
info [Thu Mar 29 2018 14:28:34 GMT+0530 (IST)]  sendReport: edp@cordia.edu.in,dean.colleges@cordia.edu.in org name Cordia org Id 9
info [Thu Mar 29 2018 14:28:35 GMT+0530 (IST)]  sendReport: qm:ffb1f509-1f0d-413e-9d08-8b9acb52f8b9:5ab50b4d2235812a6233fc03 org name KU org Id 80
info [Thu Mar 29 2018 14:28:35 GMT+0530 (IST)]  sendReport: sagar.pawar@aef.edu.in,principal.acbcs@aef.edu.in org name AEF org Id 1
info [Thu Mar 29 2018 14:28:35 GMT+0530 (IST)]  sendReport: edp@cordia.edu.in,dean.colleges@cordia.edu.in org name Cordia org Id 9
info [Thu Mar 29 2018 14:28:35 GMT+0530 (IST)]  sendReport: erpcoordinator@drsacoe.com,hema.c@drsacon.com,kannanmech.13@gmail.com,erp@aei.edu.in org name AEI org Id 2
info [Thu Mar 29 2018 14:28:35 GMT+0530 (IST)]  sendReport: webdeveloper@africau.edu,dict@africau.edu org name AU org Id 5
info [Thu Mar 29 2018 14:28:35 GMT+0530 (IST)]  sendReport: webdeveloper@africau.edu,dict@africau.edu org name AU org Id 5
info [Thu Mar 29 2018 14:28:36 GMT+0530 (IST)]  sendReport: ceo@edifyschoolamravati.com,stores@edifyschoolamravati.com org name Edify Amravati org Id 12
info [Thu Mar 29 2018 14:28:36 GMT+0530 (IST)]  sendReport: dnyanesh.khairnar@ausindia.org,principal.chandsi@ausindia.org org name AUS org Id 7
info [Thu Mar 29 2018 14:28:36 GMT+0530 (IST)]  sendReport: dnyanesh.khairnar@ausindia.org,principal.chandsi@ausindia.org org name AUS org Id 7
info [Thu Mar 29 2018 14:28:36 GMT+0530 (IST)]  sendReport: qm:ffb1f509-1f0d-413e-9d08-8b9acb52f8b9:5ab50b4d2235812a6233fc03 org name KU org Id 80
info [Thu Mar 29 2018 14:28:36 GMT+0530 (IST)]  sendReport: webdeveloper@africau.edu,dict@africau.edu org name AU org Id 5
info [Thu Mar 29 2018 14:28:36 GMT+0530 (IST)]  sendReport: software.executive@drsinternational.com,siddeshwar@drsinternational.com org name DRS org Id 14
info [Thu Mar 29 2018 14:28:36 GMT+0530 (IST)]  sendReport: ceo@edifyschoolamravati.com,stores@edifyschoolamravati.com org name Edify Amravati org Id 12
info [Thu Mar 29 2018 14:28:36 GMT+0530 (IST)]  sendReport: sagar.pawar@aef.edu.in,principal.acbcs@aef.edu.in org name AEF org Id 1
info [Thu Mar 29 2018 14:28:37 GMT+0530 (IST)]  sendReport: dnyanesh.khairnar@ausindia.org,principal.chandsi@ausindia.org org name AUS org Id 7
info [Thu Mar 29 2018 14:28:37 GMT+0530 (IST)]  sendReport: dnyanesh.khairnar@ausindia.org,principal.chandsi@ausindia.org org name AUS org Id 7
info [Thu Mar 29 2018 14:28:37 GMT+0530 (IST)]  sendReport: sagar.pawar@aef.edu.in,principal.acbcs@aef.edu.in org name AEF org Id 1
info [Thu Mar 29 2018 14:28:37 GMT+0530 (IST)]  sendReport: sagar.pawar@aef.edu.in,principal.acbcs@aef.edu.in org name AEF org Id 1
info [Thu Mar 29 2018 14:28:37 GMT+0530 (IST)]  sendReport: erpcoordinator@drsacoe.com,hema.c@drsacon.com,kannanmech.13@gmail.com,erp@aei.edu.in org name AEI org Id 2
info [Thu Mar 29 2018 14:28:37 GMT+0530 (IST)]  sendReport: ceo@edifyschoolamravati.com,stores@edifyschoolamravati.com org name Edify Amravati org Id 12
info [Thu Mar 29 2018 14:28:37 GMT+0530 (IST)]  sendReport: webdeveloper@africau.edu,dict@africau.edu org name AU org Id 5
info [Thu Mar 29 2018 14:28:37 GMT+0530 (IST)]  sendReport: software.executive@drsinternational.com,siddeshwar@drsinternational.com org name DRS org Id 14
info [Thu Mar 29 2018 14:28:37 GMT+0530 (IST)]  sendReport: edp@cordia.edu.in,dean.colleges@cordia.edu.in org name Cordia org Id 9
info [Thu Mar 29 2018 14:28:38 GMT+0530 (IST)]  sendReport: software.executive@drsinternational.com,siddeshwar@drsinternational.com org name DRS org Id 14
info [Thu Mar 29 2018 14:28:38 GMT+0530 (IST)]  sendReport: qm:ffb1f509-1f0d-413e-9d08-8b9acb52f8b9:5ab50b4d2235812a6233fc03 org name KU org Id 80
info [Thu Mar 29 2018 14:28:38 GMT+0530 (IST)]  sendReport: dnyanesh.khairnar@ausindia.org,principal.chandsi@ausindia.org org name AUS org Id 7
info [Thu Mar 29 2018 14:28:38 GMT+0530 (IST)]  sendReport: edp@cordia.edu.in,dean.colleges@cordia.edu.in org name Cordia org Id 9
info [Thu Mar 29 2018 14:28:38 GMT+0530 (IST)]  sendReport: software.executive@drsinternational.com,siddeshwar@drsinternational.com org name DRS org Id 14
info [Thu Mar 29 2018 14:28:38 GMT+0530 (IST)]  sendReport: ghgerp@gmail.com org name GHG org Id 17
info [Thu Mar 29 2018 14:28:39 GMT+0530 (IST)]  sendReport: webdeveloper@africau.edu,dict@africau.edu org name AU org Id 5
info [Thu Mar 29 2018 14:28:39 GMT+0530 (IST)]  sendReport: erpcoordinator@drsacoe.com,hema.c@drsacon.com,kannanmech.13@gmail.com,erp@aei.edu.in org name AEI org Id 2
info [Thu Mar 29 2018 14:28:39 GMT+0530 (IST)]  sendReport: webdeveloper@africau.edu,dict@africau.edu org name AU org Id 5
info [Thu Mar 29 2018 14:28:39 GMT+0530 (IST)]  sendReport: sagar.pawar@aef.edu.in,principal.acbcs@aef.edu.in org name AEF org Id 1
info [Thu Mar 29 2018 14:28:39 GMT+0530 (IST)]  sendReport: qm:ffb1f509-1f0d-413e-9d08-8b9acb52f8b9:5ab50b4d2235812a6233fc03 org name KU org Id 80
info [Thu Mar 29 2018 14:28:39 GMT+0530 (IST)]  sendReport: dnyanesh.khairnar@ausindia.org,principal.chandsi@ausindia.org org name AUS org Id 7
info [Thu Mar 29 2018 14:28:39 GMT+0530 (IST)]  sendReport: qm:ffb1f509-1f0d-413e-9d08-8b9acb52f8b9:5ab50b4d2235812a6233fc03 org name KU org Id 80
info [Thu Mar 29 2018 14:28:40 GMT+0530 (IST)]  sendReport: ceo@edifyschoolamravati.com,stores@edifyschoolamravati.com org name Edify Amravati org Id 12
info [Thu Mar 29 2018 14:28:40 GMT+0530 (IST)]  sendReport: software.executive@drsinternational.com,siddeshwar@drsinternational.com org name DRS org Id 14
info [Thu Mar 29 2018 14:28:40 GMT+0530 (IST)]  sendReport: erpcoordinator@drsacoe.com,hema.c@drsacon.com,kannanmech.13@gmail.com,erp@aei.edu.in org name AEI org Id 2
info [Thu Mar 29 2018 14:28:40 GMT+0530 (IST)]  sendReport: webdeveloper@africau.edu,dict@africau.edu org name AU org Id 5
info [Thu Mar 29 2018 14:28:40 GMT+0530 (IST)]  sendReport: edp@cordia.edu.in,dean.colleges@cordia.edu.in org name Cordia org Id 9
info [Thu Mar 29 2018 14:28:40 GMT+0530 (IST)]  sendReport: webdeveloper@africau.edu,dict@africau.edu org name AU org Id 5
info [Thu Mar 29 2018 14:28:40 GMT+0530 (IST)]  sendReport: dnyanesh.khairnar@ausindia.org,principal.chandsi@ausindia.org org name AUS org Id 7
info [Thu Mar 29 2018 14:28:41 GMT+0530 (IST)]  sendReport: ceo@edifyschoolamravati.com,stores@edifyschoolamravati.com org name Edify Amravati org Id 12
info [Thu Mar 29 2018 14:28:41 GMT+0530 (IST)]  sendReport: sagar.pawar@aef.edu.in,principal.acbcs@aef.edu.in org name AEF org Id 1
info [Thu Mar 29 2018 14:28:41 GMT+0530 (IST)]  sendReport: erpcoordinator@drsacoe.com,hema.c@drsacon.com,kannanmech.13@gmail.com,erp@aei.edu.in org name AEI org Id 2
info [Thu Mar 29 2018 14:28:41 GMT+0530 (IST)]  sendReport: sagar.pawar@aef.edu.in,principal.acbcs@aef.edu.in org name AEF org Id 1
info [Thu Mar 29 2018 14:28:41 GMT+0530 (IST)]  sendReport: software.executive@drsinternational.com,siddeshwar@drsinternational.com org name DRS org Id 14
info [Thu Mar 29 2018 14:28:41 GMT+0530 (IST)]  sendReport: erpcoordinator@drsacoe.com,hema.c@drsacon.com,kannanmech.13@gmail.com,erp@aei.edu.in org name AEI org Id 2
info [Thu Mar 29 2018 14:28:41 GMT+0530 (IST)]  sendReport: ghgerp@gmail.com org name GHG org Id 17
info [Thu Mar 29 2018 14:28:41 GMT+0530 (IST)]  sendReport: edp@cordia.edu.in,dean.colleges@cordia.edu.in org name Cordia org Id 9
info [Thu Mar 29 2018 14:28:41 GMT+0530 (IST)]  sendReport: ceo@edifyschoolamravati.com,stores@edifyschoolamravati.com org name Edify Amravati org Id 12
info [Thu Mar 29 2018 14:28:41 GMT+0530 (IST)]  sendReport: webdeveloper@africau.edu,dict@africau.edu org name AU org Id 5
info [Thu Mar 29 2018 14:28:41 GMT+0530 (IST)]  sendReport: sagar.pawar@aef.edu.in,principal.acbcs@aef.edu.in org name AEF org Id 1
info [Thu Mar 29 2018 14:28:41 GMT+0530 (IST)]  sendReport: dnyanesh.khairnar@ausindia.org,principal.chandsi@ausindia.org org name AUS org Id 7
info [Thu Mar 29 2018 14:28:42 GMT+0530 (IST)]  sendReport: qm:ffb1f509-1f0d-413e-9d08-8b9acb52f8b9:5ab50b4d2235812a6233fc03 org name KU org Id 80
info [Thu Mar 29 2018 14:28:42 GMT+0530 (IST)]  sendReport: dnyanesh.khairnar@ausindia.org,principal.chandsi@ausindia.org org name AUS org Id 7
info [Thu Mar 29 2018 14:28:42 GMT+0530 (IST)]  sendReport: software.executive@drsinternational.com,siddeshwar@drsinternational.com org name DRS org Id 14
info [Thu Mar 29 2018 14:28:42 GMT+0530 (IST)]  sendReport: sasunka@gtuc.edu.gh org name GTUC org Id 18
info [Thu Mar 29 2018 14:28:42 GMT+0530 (IST)]  sendReport: edp@cordia.edu.in,dean.colleges@cordia.edu.in org name Cordia org Id 9
info [Thu Mar 29 2018 14:28:42 GMT+0530 (IST)]  sendReport: erpcoordinator@drsacoe.com,hema.c@drsacon.com,kannanmech.13@gmail.com,erp@aei.edu.in org name AEI org Id 2
info [Thu Mar 29 2018 14:28:42 GMT+0530 (IST)]  sendReport: edp@cordia.edu.in,dean.colleges@cordia.edu.in org name Cordia org Id 9
info [Thu Mar 29 2018 14:28:42 GMT+0530 (IST)]  sendReport: ghgerp@gmail.com org name GHG org Id 17
info [Thu Mar 29 2018 14:28:42 GMT+0530 (IST)]  sendReport: ghgerp@gmail.com org name GHG org Id 17
info [Thu Mar 29 2018 14:28:42 GMT+0530 (IST)]  sendReport: dnyanesh.khairnar@ausindia.org,principal.chandsi@ausindia.org org name AUS org Id 7
info [Thu Mar 29 2018 14:28:43 GMT+0530 (IST)]  sendReport: webdeveloper@africau.edu,dict@africau.edu org name AU org Id 5
info [Thu Mar 29 2018 14:28:43 GMT+0530 (IST)]  sendReport: sagar.pawar@aef.edu.in,principal.acbcs@aef.edu.in org name AEF org Id 1
info [Thu Mar 29 2018 14:28:43 GMT+0530 (IST)]  sendReport: qm:ffb1f509-1f0d-413e-9d08-8b9acb52f8b9:5ab50b4d2235812a6233fc03 org name KU org Id 80
info [Thu Mar 29 2018 14:28:43 GMT+0530 (IST)]  sendReport: ceo@edifyschoolamravati.com,stores@edifyschoolamravati.com org name Edify Amravati org Id 12
info [Thu Mar 29 2018 14:28:43 GMT+0530 (IST)]  sendReport: edp@cordia.edu.in,dean.colleges@cordia.edu.in org name Cordia org Id 9
info [Thu Mar 29 2018 14:28:43 GMT+0530 (IST)]  sendReport: ghgerp@gmail.com org name GHG org Id 17
info [Thu Mar 29 2018 14:28:43 GMT+0530 (IST)]  sendReport: qm:ffb1f509-1f0d-413e-9d08-8b9acb52f8b9:5ab50b4d2235812a6233fc03 org name KU org Id 80
info [Thu Mar 29 2018 14:28:44 GMT+0530 (IST)]  sendReport: sagar.pawar@aef.edu.in,principal.acbcs@aef.edu.in org name AEF org Id 1
info [Thu Mar 29 2018 14:28:44 GMT+0530 (IST)]  sendReport: ceo@edifyschoolamravati.com,stores@edifyschoolamravati.com org name Edify Amravati org Id 12
info [Thu Mar 29 2018 14:28:44 GMT+0530 (IST)]  sendReport: sasunka@gtuc.edu.gh org name GTUC org Id 18
info [Thu Mar 29 2018 14:28:44 GMT+0530 (IST)]  sendReport: edp@cordia.edu.in,dean.colleges@cordia.edu.in org name Cordia org Id 9
info [Thu Mar 29 2018 14:28:44 GMT+0530 (IST)]  sendReport: software.executive@drsinternational.com,siddeshwar@drsinternational.com org name DRS org Id 14
info [Thu Mar 29 2018 14:28:44 GMT+0530 (IST)]  sendReport: erpcoordinator@drsacoe.com,hema.c@drsacon.com,kannanmech.13@gmail.com,erp@aei.edu.in org name AEI org Id 2
info [Thu Mar 29 2018 14:28:44 GMT+0530 (IST)]  sendReport: sasunka@gtuc.edu.gh org name GTUC org Id 18
info [Thu Mar 29 2018 14:28:44 GMT+0530 (IST)]  sendReport: erpcoordinator@drsacoe.com,hema.c@drsacon.com,kannanmech.13@gmail.com,erp@aei.edu.in org name AEI org Id 2




